INFO  08:02:59 Application started. Press Ctrl+C to shut down.
INFO  08:02:59 Application started. Press Ctrl+C to shut down.
INFO  08:02:59 Hosting environment: Development
INFO  08:02:59 Hosting environment: Development
INFO  08:02:59 Content root path: F:\Project\ReturnOrderPortal
INFO  08:02:59 Content root path: F:\Project\ReturnOrderPortal
INFO  08:02:59 Login initiated
INFO  08:03:05 Login initiated
INFO  08:03:21 Authentication initiated
INFO  08:04:07 Application started. Press Ctrl+C to shut down.
INFO  08:04:07 Application started. Press Ctrl+C to shut down.
INFO  08:04:07 Hosting environment: Development
INFO  08:04:07 Hosting environment: Development
INFO  08:04:07 Content root path: F:\Project\ReturnOrderPortal
INFO  08:04:07 Content root path: F:\Project\ReturnOrderPortal
INFO  08:04:10 Login initiated
INFO  08:05:35 Application started. Press Ctrl+C to shut down.
INFO  08:05:35 Application started. Press Ctrl+C to shut down.
INFO  08:05:35 Hosting environment: Development
INFO  08:05:35 Hosting environment: Development
INFO  08:05:35 Content root path: F:\Project\ReturnOrderPortal
INFO  08:05:35 Content root path: F:\Project\ReturnOrderPortal
INFO  08:06:01 Login initiated
INFO  08:06:11 Authentication initiated
INFO  08:11:33 Application started. Press Ctrl+C to shut down.
INFO  08:11:33 Application started. Press Ctrl+C to shut down.
INFO  08:11:33 Hosting environment: Development
INFO  08:11:33 Hosting environment: Development
INFO  08:11:33 Content root path: F:\Project\ReturnOrderPortal
INFO  08:11:33 Content root path: F:\Project\ReturnOrderPortal
INFO  08:11:33 Login initiated
INFO  08:11:34 Login initiated
INFO  08:11:41 Authentication initiated
INFO  08:12:06 Authentication initiated
INFO  08:13:31 Application started. Press Ctrl+C to shut down.
INFO  08:13:31 Application started. Press Ctrl+C to shut down.
INFO  08:13:31 Hosting environment: Development
INFO  08:13:31 Hosting environment: Development
INFO  08:13:31 Content root path: F:\Project\ReturnOrderPortal
INFO  08:13:31 Content root path: F:\Project\ReturnOrderPortal
INFO  08:13:34 Login initiated
INFO  08:13:35 Login initiated
INFO  08:13:40 Authentication initiated
INFO  08:13:56 Application started. Press Ctrl+C to shut down.
INFO  08:13:56 Application started. Press Ctrl+C to shut down.
INFO  08:13:56 Hosting environment: Development
INFO  08:13:56 Hosting environment: Development
INFO  08:13:56 Content root path: F:\Project\ReturnOrderPortal
INFO  08:13:56 Content root path: F:\Project\ReturnOrderPortal
INFO  08:14:01 Login initiated
INFO  08:14:02 Login initiated
INFO  08:14:08 Authentication initiated
INFO  08:15:54 Application started. Press Ctrl+C to shut down.
INFO  08:15:54 Application started. Press Ctrl+C to shut down.
INFO  08:15:54 Hosting environment: Development
INFO  08:15:54 Hosting environment: Development
INFO  08:15:54 Content root path: F:\Project\ReturnOrderPortal
INFO  08:15:54 Content root path: F:\Project\ReturnOrderPortal
INFO  08:33:21 Application started. Press Ctrl+C to shut down.
INFO  08:33:21 Application started. Press Ctrl+C to shut down.
INFO  08:33:21 Hosting environment: Development
INFO  08:33:21 Hosting environment: Development
INFO  08:33:21 Content root path: F:\Project\ReturnOrderPortal
INFO  08:33:21 Content root path: F:\Project\ReturnOrderPortal
INFO  08:33:57 Login initiated
INFO  08:33:57 Login initiated
INFO  08:34:03 Authentication initiated
INFO  08:34:18 ComponentProcessingMicroservice initiated
